MNCL
("a" S-FS (((a1) 1)))
("a" S-NN (((a1) 1)))
("a" V-S3_IP (((a1) 1)))
("abachi" S-MP (((a1) 1) ((b a) 0) ((k i) 0)))
("abaco" S-MS (((a1) 1) ((b a) 0) ((k o) 0)))
("abacà" S-FN (((a) 0) ((b a) 0) ((k a1) 1)))
("abandona" V-S3_IP (((a) 0) ((b a n) 0) ((d o1) 1) ((n a) 0)))
("abandonai" V-S1_IR (((a) 0) ((b a n) 0) ((d o) 0) ((n a1) 1) ((i) 0)))
("abandonammo" V-P1_IR (((a) 0) ((b a n) 0) ((d o) 0) ((n a1 m) 1) ((m o) 0)))
("abandonando" V-G (((a) 0) ((b a n) 0) ((d o) 0) ((n a1 n) 1) ((d o) 0)))
("abandonano" V-P3_IP (((a) 0) ((b a n) 0) ((d o1) 1) ((n a) 0) ((n o) 0)))
("abandonante" V-NS_PP (((a) 0) ((b a n) 0) ((d o) 0) ((n a1 n) 1) ((t e) 0)))
("abandonanti" V-NP_PP (((a) 0) ((b a n) 0) ((d o) 0) ((n a1 n) 1) ((t i) 0)))
("abandonare" V-F (((a) 0) ((b a n) 0) ((d o) 0) ((n a1) 1) ((r e) 0)))
("abandonarono" V-P3_IR (((a) 0) ((b a n) 0) ((d o) 0) ((n a1) 1) ((r o) 0) ((n o) 0)))
("abandonasse" V-S3_CI (((a) 0) ((b a n) 0) ((d o) 0) ((n a1 s) 1) ((s e) 0)))
("abandonassero" V-P3_CI (((a) 0) ((b a n) 0) ((d o) 0) ((n a1 s) 1) ((s e) 0) ((r o) 0)))
("abandonassi" V-S1_CI (((a) 0) ((b a n) 0) ((d o) 0) ((n a1 s) 1) ((s i) 0)))
("abandonassimo" V-P1_CI (((a) 0) ((b a n) 0) ((d o) 0) ((n a1 s) 1) ((s i) 0) ((m o) 0)))
("abandonaste" V-P2_IR (((a) 0) ((b a n) 0) ((d o) 0) ((n a1) 1) ((s t e) 0)))
("abandonasti" V-S2_IR (((a) 0) ((b a n) 0) ((d o) 0) ((n a1) 1) ((s t i) 0)))
("abandonata" V-FS_PR (((a) 0) ((b a n) 0) ((d o) 0) ((n a1) 1) ((t a) 0)))
("abandonate" V-FP_PR (((a) 0) ((b a n) 0) ((d o) 0) ((n a1) 1) ((t e) 0)))
("abandonate" V-P2_IP (((a) 0) ((b a n) 0) ((d o) 0) ((n a1) 1) ((t e) 0)))
("abandonerò" V-S1_IF (((a) 0) ((b a n) 0) ((d o) 0) ((n e) 0) ((r O1) 1)))
("equo" A-MS (((E1) 1) ((k w o) 0)))
("era" S-FS (((E1) 1) ((r a) 0)))
("era" V-S1_II (((E1) 1) ((r a) 0)))
("era" V-S3_II (((E1) 1) ((r a) 0)))
("eradicatore" A-MS (((e) 0) ((r a) 0) ((d i) 0) ((k a) 0) ((t o1) 1) ((r e) 0)))
("eradicatore" S-MS (((e) 0) ((r a) 0) ((d i) 0) ((k a) 0) ((t o1) 1) ((r e) 0)))
("ad" E (((a1 d) 1)))
("adastiosissime" A-FP_S (((a) 0) ((d a) 0) ((s t j o) 0) ((s i1 s) 1) ((s i) 0) ((m e) 0)))
("sta" V-S3_IP (((s t a1) 1)))
("stabbi" S-MP (((s t a1 b) 1) ((b i) 0)))
("stabbi" V-S2_IP (((s t a1 b) 1) ((b i) 0)))
("stabbia" V-S3_IP (((s t a1 b) 1) ((b j a) 0)))
("stabbiai" V-S1_IR (((s t a b) 0) ((b j a1) 1) ((i) 0)))
("stabbiammo" V-P1_IR (((s t a b) 0) ((b j a1 m) 1) ((m o) 0)))
("stabbiamo" V-P1_IP (((s t a b) 0) ((b j a1) 1) ((m o) 0)))
("stabbiando" V-G (((s t a b) 0) ((b j a1 n) 1) ((d o) 0)))
("problemi" S-MP (((p r o) 0) ((b l E1) 1) ((m i) 0)))
("cinquanta" A-NN (((tS i ng) 0) ((k w a1 n) 1) ((t a) 0)))
("riportata" V-FS_PR (((r i) 0) ((p o r) 0) ((t a1) 1) ((t a) 0)))
("zzz" I (((ts) 0) ((ts ts) 0)))
("zì" I (((ts i1) 1)))
("zì" S-NN (((ts i1) 1)))
("é" C (((e1) 1)))
("è" V-S1_IP (((E1) 1)))
("é" S-NS (((e1) 1)))
("ì" P-MS (((i1) 1)))
("ì" P-NP (((i1) 1)))
("ì" P-NS (((i1) 1)))
("ì" R-MP (((i1) 1)))
("la" S-MS (((l a1) 1)))
("dò" S-MN (((d O1) 1)))
("dò" V-S3_IR (((d O1) 1)))
("e" ACR (((e) 0)))
("e" S-FP (((e1) 1)))
("e" V-S3_IP (((e1) 1)))
("ea" V-S1_CP (((e1) 1) ((a) 0)))
("ebani" S-MP (((E1) 1) ((b a) 0) ((n i) 0)))
